Copyright 1986-2015 Xilinx, Inc. All Rights Reserved.
----------------------------------------------------------------------------------------
| Tool Version     : Vivado v.2015.3 (win64) Build 1368829 Mon Sep 28 20:06:43 MDT 2015
| Date             : Thu May 24 02:01:09 2018
| Host             : ZJQ29D1 running 64-bit major release  (build 9200)
| Command          : 
| Design           : Basys3
| Device           : xc7a35tcpg236-1
| Design State     : routed
| Grade            : commercial
| Process          : typical
| Characterization : Production
----------------------------------------------------------------------------------------

Power Report

Table of Contents
-----------------
1. Summary
1.1 On-Chip Components
1.2 Power Supply Summary
1.3 Confidence Level
2. Settings
2.1 Environment
2.2 Clock Constraints
3. Detailed Reports
3.1 By Hierarchy

1. Summary
----------

+--------------------------+----------------------------------+
| Total On-Chip Power (W)  | 54.054 (Junction temp exceeded!) |
| Dynamic (W)              | 53.568                           |
| Device Static (W)        | 0.486                            |
| Effective TJA (C/W)      | 5.0                              |
| Max Ambient (C)          | 0.0                              |
| Junction Temperature (C) | 125.0                            |
| Confidence Level         | Low                              |
| Setting File             | ---                              |
| Simulation Activity File | ---                              |
| Design Nets Matched      | NA                               |
+--------------------------+----------------------------------+


1.1 On-Chip Components
----------------------

+--------------------------+-----------+----------+-----------+-----------------+
| On-Chip                  | Power (W) | Used     | Available | Utilization (%) |
+--------------------------+-----------+----------+-----------+-----------------+
| Slice Logic              |    13.779 |     1880 |       --- |             --- |
|   LUT as Logic           |    12.878 |      969 |     20800 |            4.66 |
|   LUT as Distributed RAM |     0.642 |       48 |      9600 |            0.50 |
|   F7/F8 Muxes            |     0.125 |       83 |     32600 |            0.25 |
|   CARRY4                 |     0.104 |       21 |      8150 |            0.26 |
|   Register               |     0.017 |      541 |     41600 |            1.30 |
|   BUFG                   |     0.012 |        2 |        32 |            6.25 |
|   Others                 |     0.000 |       11 |       --- |             --- |
| Signals                  |    12.895 |     1233 |       --- |             --- |
| I/O                      |    26.894 |       17 |       106 |           16.04 |
| Static Power             |     0.486 |          |           |                 |
| Total                    |    54.054 |          |           |                 |
+--------------------------+-----------+----------+-----------+-----------------+


1.2 Power Supply Summary
------------------------

+-----------+-------------+-----------+-------------+------------+
| Source    | Voltage (V) | Total (A) | Dynamic (A) | Static (A) |
+-----------+-------------+-----------+-------------+------------+
| Vccint    |       1.000 |    27.030 |      26.689 |      0.341 |
| Vccaux    |       1.800 |     1.038 |       0.985 |      0.053 |
| Vcco33    |       3.300 |     7.609 |       7.608 |      0.001 |
| Vcco25    |       2.500 |     0.000 |       0.000 |      0.000 |
| Vcco18    |       1.800 |     0.000 |       0.000 |      0.000 |
| Vcco15    |       1.500 |     0.000 |       0.000 |      0.000 |
| Vcco135   |       1.350 |     0.000 |       0.000 |      0.000 |
| Vcco12    |       1.200 |     0.000 |       0.000 |      0.000 |
| Vccaux_io |       1.800 |     0.000 |       0.000 |      0.000 |
| Vccbram   |       1.000 |     0.010 |       0.000 |      0.010 |
| MGTAVcc   |       1.000 |     0.000 |       0.000 |      0.000 |
| MGTAVtt   |       1.200 |     0.000 |       0.000 |      0.000 |
| Vccadc    |       1.800 |     0.020 |       0.000 |      0.020 |
+-----------+-------------+-----------+-------------+------------+


1.3 Confidence Level
--------------------

+-----------------------------+------------+--------------------------------------------------------+--------------------------------------------------------------------------------------------------------------------+
| User Input Data             | Confidence | Details                                                | Action                                                                                                             |
+-----------------------------+------------+--------------------------------------------------------+--------------------------------------------------------------------------------------------------------------------+
| Design implementation state | High       | Design is routed                                       |                                                                                                                    |
| Clock nodes activity        | Low        | User specified less than 75% of clocks                 | Provide missing clock activity with a constraint file, simulation results or by editing the "By Clock Domain" view |
| I/O nodes activity          | Low        | More than 75% of inputs are missing user specification | Provide missing input activity with simulation results or by editing the "By Resource Type -> I/Os" view           |
| Internal nodes activity     | Medium     | User specified less than 25% of internal nodes         | Provide missing internal nodes activity with simulation results or by editing the "By Resource Type" views         |
| Device models               | High       | Device models are Production                           |                                                                                                                    |
|                             |            |                                                        |                                                                                                                    |
| Overall confidence level    | Low        |                                                        |                                                                                                                    |
+-----------------------------+------------+--------------------------------------------------------+--------------------------------------------------------------------------------------------------------------------+


2. Settings
-----------

2.1 Environment
---------------

+-----------------------+--------------------------+
| Ambient Temp (C)      | 25.0                     |
| ThetaJA (C/W)         | 5.0                      |
| Airflow (LFM)         | 250                      |
| Heat Sink             | medium (Medium Profile)  |
| ThetaSA (C/W)         | 4.6                      |
| Board Selection       | medium (10"x10")         |
| # of Board Layers     | 12to15 (12 to 15 Layers) |
| Board Temperature (C) | 25.0                     |
+-----------------------+--------------------------+


2.2 Clock Constraints
---------------------

+-------+--------+-----------------+
| Clock | Domain | Constraint (ns) |
+-------+--------+-----------------+


3. Detailed Reports
-------------------

3.1 By Hierarchy
----------------

+----------------------------------+-----------+
| Name                             | Power (W) |
+----------------------------------+-----------+
| Basys3                           |    53.568 |
|   button__0                      |     0.006 |
|   clock_div                      |     0.084 |
|   display                        |     0.214 |
|   singleCycleCPU                 |    26.272 |
|     alu                          |     0.642 |
|     dataMemory                   |     2.362 |
|     nextpc                       |     0.104 |
|     pc                           |    18.425 |
|     registerFile                 |     4.739 |
|       Register_reg_r1_0_31_0_5   |     0.369 |
|       Register_reg_r1_0_31_12_17 |     0.356 |
|       Register_reg_r1_0_31_18_23 |     0.347 |
|       Register_reg_r1_0_31_24_29 |     1.183 |
|       Register_reg_r1_0_31_30_31 |     0.373 |
|       Register_reg_r1_0_31_6_11  |     0.373 |
|       Register_reg_r2_0_31_0_5   |     0.153 |
|       Register_reg_r2_0_31_12_17 |     0.177 |
|       Register_reg_r2_0_31_18_23 |     0.142 |
|       Register_reg_r2_0_31_24_29 |     0.140 |
|       Register_reg_r2_0_31_30_31 |     0.046 |
|       Register_reg_r2_0_31_6_11  |     0.160 |
+----------------------------------+-----------+


