#-----------------------------------------------------------
# Vivado v2015.3 (64-bit)
# SW Build 1368829 on Mon Sep 28 20:06:43 MDT 2015
# IP Build 1367837 on Mon Sep 28 08:56:14 MDT 2015
# Start of session at: Tue May 15 09:55:42 2018
# Process ID: 12136
# Current directory: Y:/ECOP/hw3/cpu
# Command line: vivado.exe -gui_launcher_event rodinguilauncherevent7368 Y:\ECOP\hw3\cpu\cpu.xpr
# Log file: Y:/ECOP/hw3/cpu/vivado.log
# Journal file: Y:/ECOP/hw3/cpu\vivado.jou
#-----------------------------------------------------------
start_gui
open_project Y:/ECOP/hw3/cpu/cpu.xpr
Scanning sources...
Finished scanning sources
INFO: [IP_Flow 19-234] Refreshing IP repositories
INFO: [IP_Flow 19-1704] No user IP repositories specified
INFO: [IP_Flow 19-2313] Loaded Vivado IP repository 'C:/Xilinx/Vivado/2015.3/data/ip'.
open_project: Time (s): cpu = 00:00:13 ; elapsed = 00:00:07 . Memory (MB): peak = 744.531 ; gain = 175.348
reset_run synth_1
launch_runs impl_1
[Tue May 15 09:56:11 2018] Launched synth_1...
Run output will be captured here: Y:/ECOP/hw3/cpu/cpu.runs/synth_1/runme.log
[Tue May 15 09:56:11 2018] Launched impl_1...
Run output will be captured here: Y:/ECOP/hw3/cpu/cpu.runs/impl_1/runme.log
exit
INFO: [Common 17-206] Exiting Vivado at Tue May 15 19:34:10 2018...
