
*** Running vivado
    with args -log my_cpu.vdi -applog -m64 -messageDb vivado.pb -mode batch -source my_cpu.tcl -notrace


****** Vivado v2015.3 (64-bit)
  **** SW Build 1368829 on Mon Sep 28 20:06:43 MDT 2015
  **** IP Build 1367837 on Mon Sep 28 08:56:14 MDT 2015
    ** Copyright 1986-2015 Xilinx, Inc. All Rights Reserved.

source my_cpu.tcl -notrace
Design is defaulting to srcset: sources_1
Design is defaulting to constrset: constrs_1
INFO: [Netlist 29-17] Analyzing 28 Unisim elements for replacement
INFO: [Netlist 29-28] Unisim Transformation completed in 0 CPU seconds
INFO: [Project 1-479] Netlist was created with Vivado 2015.3
INFO: [Device 21-403] Loading part xc7a35tcpg236-1
INFO: [Project 1-570] Preparing netlist for logic optimization
INFO: [Opt 31-138] Pushed 0 inverter(s) to 0 load pin(s).
INFO: [Project 1-111] Unisim Transformation Summary:
  A total of 12 instances were transformed.
  RAM32M => RAM32M (inverted pins: WCLK) (RAMD32, RAMD32, RAMD32, RAMD32, RAMD32, RAMD32, RAMS32, RAMS32): 12 instances

Command: opt_design
Attempting to get a license for feature 'Implementation' and/or device 'xc7a35t'
INFO: [Common 17-349] Got license for feature 'Implementation' and/or device 'xc7a35t'
Running DRC as a precondition to command opt_design

Starting DRC Task
INFO: [DRC 23-27] Running DRC with 2 threads
INFO: [Project 1-461] DRC finished with 0 Errors
INFO: [Project 1-462] Please refer to the DRC report (report_drc) for more information.

Time (s): cpu = 00:00:00 ; elapsed = 00:00:00.125 . Memory (MB): peak = 461.594 ; gain = 2.621
INFO: [Timing 38-35] Done setting XDC timing constraints.

Starting Logic Optimization Task
Implement Debug Cores | Checksum: 104aceb30

Phase 1 Retarget
INFO: [Opt 31-138] Pushed 0 inverter(s) to 0 load pin(s).
INFO: [Opt 31-49] Retargeted 0 cell(s).
Phase 1 Retarget | Checksum: 104aceb30

Time (s): cpu = 00:00:00 ; elapsed = 00:00:00.218 . Memory (MB): peak = 945.059 ; gain = 0.000

Phase 2 Constant Propagation
INFO: [Opt 31-138] Pushed 0 inverter(s) to 0 load pin(s).
INFO: [Opt 31-10] Eliminated 0 cells.
Phase 2 Constant Propagation | Checksum: 104aceb30

Time (s): cpu = 00:00:00 ; elapsed = 00:00:00.422 . Memory (MB): peak = 945.059 ; gain = 0.000

Phase 3 Sweep
INFO: [Opt 31-12] Eliminated 24 unconnected nets.
INFO: [Opt 31-11] Eliminated 0 unconnected cells.
Phase 3 Sweep | Checksum: decd85b7

Time (s): cpu = 00:00:01 ; elapsed = 00:00:00.593 . Memory (MB): peak = 945.059 ; gain = 0.000

Starting Connectivity Check Task

Time (s): cpu = 00:00:00 ; elapsed = 00:00:00 . Memory (MB): peak = 945.059 ; gain = 0.000
Ending Logic Optimization Task | Checksum: decd85b7

Time (s): cpu = 00:00:01 ; elapsed = 00:00:00.626 . Memory (MB): peak = 945.059 ; gain = 0.000

Starting Power Optimization Task
INFO: [Pwropt 34-132] Skipping clock gating for clocks with a period < 2.00 ns.
Ending Power Optimization Task | Checksum: decd85b7

Time (s): cpu = 00:00:00 ; elapsed = 00:00:00.014 . Memory (MB): peak = 945.059 ; gain = 0.000
INFO: [Common 17-83] Releasing license: Implementation
20 Infos, 0 Warnings, 0 Critical Warnings and 0 Errors encountered.
opt_design completed successfully
opt_design: Time (s): cpu = 00:00:12 ; elapsed = 00:00:12 . Memory (MB): peak = 945.059 ; gain = 488.398
INFO: [DRC 23-27] Running DRC with 2 threads
INFO: [Coretcl 2-168] The results of DRC are in file Y:/ECOP/222/project_1/project_1.runs/impl_1/my_cpu_drc_opted.rpt.
INFO: [Vivado_Tcl 4-424] Cannot write hardware definition file as there are no IPI block design hardware handoff files present
Command: place_design
Attempting to get a license for feature 'Implementation' and/or device 'xc7a35t'
INFO: [Common 17-349] Got license for feature 'Implementation' and/or device 'xc7a35t'
INFO: [DRC 23-27] Running DRC with 2 threads
INFO: [Vivado_Tcl 4-198] DRC finished with 0 Errors
INFO: [Vivado_Tcl 4-199] Please refer to the DRC report (report_drc) for more information.
Running DRC as a precondition to command place_design
INFO: [DRC 23-27] Running DRC with 2 threads
INFO: [Vivado_Tcl 4-198] DRC finished with 0 Errors
INFO: [Vivado_Tcl 4-199] Please refer to the DRC report (report_drc) for more information.

Starting Placer Task
INFO: [Place 30-611] Multithreading enabled for place_design using a maximum of 2 CPUs

Phase 1 Placer Initialization
Netlist sorting complete. Time (s): cpu = 00:00:00 ; elapsed = 00:00:00 . Memory (MB): peak = 945.059 ; gain = 0.000
Netlist sorting complete. Time (s): cpu = 00:00:00 ; elapsed = 00:00:00 . Memory (MB): peak = 945.059 ; gain = 0.000

Phase 1.1 IO Placement/ Clock Placement/ Build Placer Device

Phase 1.1.1 Pre-Place Cells
Phase 1.1.1 Pre-Place Cells | Checksum: 00000000

Time (s): cpu = 00:00:00 ; elapsed = 00:00:00.030 . Memory (MB): peak = 945.059 ; gain = 0.000
ERROR: [Place 30-415] IO Placement failed due to overutilization. This design contains 110 I/O ports
 while the target  device: 7a35t package: cpg236, contains only 106 available user I/O. The target device has 106 usable I/O pins of which 0 are already occupied by user-locked I/Os.
 To rectify this issue:
 1. Ensure you are targeting the correct device and package.  Select a larger device or different package if necessary.
 2. Check the top-level ports of the design to ensure the correct number of ports are specified.
 3. Consider design changes to reduce the number of I/Os necessary.
INFO: [Timing 38-35] Done setting XDC timing constraints.

Phase 1.1.2 IO and Clk Clean Up
ERROR: [Place 30-68] Instance Op_OBUF[0]_inst (OBUF) is not placed
ERROR: [Place 30-68] Instance Op_OBUF[1]_inst (OBUF) is not placed
ERROR: [Place 30-68] Instance Op_OBUF[2]_inst (OBUF) is not placed
ERROR: [Place 30-68] Instance Op_OBUF[3]_inst (OBUF) is not placed
ERROR: [Place 30-68] Instance Op_OBUF[4]_inst (OBUF) is not placed
ERROR: [Place 30-68] Instance Op_OBUF[5]_inst (OBUF) is not placed
ERROR: [Place 30-68] Instance PCLine_IBUF[0]_inst (IBUF) is not placed
ERROR: [Place 30-68] Instance PCLine_IBUF[1]_inst (IBUF) is not placed
ERROR: [Place 30-68] Instance PCLine_IBUF[2]_inst (IBUF) is not placed
ERROR: [Place 30-68] Instance PCLine_IBUF[3]_inst (IBUF) is not placed
ERROR: [Place 30-68] Instance PCLine_IBUF[4]_inst (IBUF) is not placed
ERROR: [Place 30-68] Instance PCLine_IBUF[5]_inst (IBUF) is not placed
ERROR: [Place 30-68] Instance PCLine_IBUF[6]_inst (IBUF) is not placed
ERROR: [Place 30-68] Instance clk_IBUF_BUFG_inst (BUFG) is not placed
ERROR: [Place 30-68] Instance clk_IBUF_inst (IBUF) is not placed
ERROR: [Place 30-68] Instance data_stream_reg[31]_i_2 (BUFG) is not placed
ERROR: [Place 30-68] Instance read_data1_OBUF[0]_inst (OBUF) is not placed
ERROR: [Place 30-68] Instance read_data1_OBUF[10]_inst (OBUF) is not placed
ERROR: [Place 30-68] Instance read_data1_OBUF[11]_inst (OBUF) is not placed
ERROR: [Place 30-68] Instance read_data1_OBUF[12]_inst (OBUF) is not placed
ERROR: [Place 30-68] Instance read_data1_OBUF[13]_inst (OBUF) is not placed
ERROR: [Place 30-68] Instance read_data1_OBUF[14]_inst (OBUF) is not placed
ERROR: [Place 30-68] Instance read_data1_OBUF[15]_inst (OBUF) is not placed
ERROR: [Place 30-68] Instance read_data1_OBUF[16]_inst (OBUF) is not placed
ERROR: [Place 30-68] Instance read_data1_OBUF[17]_inst (OBUF) is not placed
ERROR: [Place 30-68] Instance read_data1_OBUF[18]_inst (OBUF) is not placed
ERROR: [Place 30-68] Instance read_data1_OBUF[19]_inst (OBUF) is not placed
ERROR: [Place 30-68] Instance read_data1_OBUF[1]_inst (OBUF) is not placed
ERROR: [Place 30-68] Instance read_data1_OBUF[20]_inst (OBUF) is not placed
ERROR: [Place 30-68] Instance read_data1_OBUF[21]_inst (OBUF) is not placed
ERROR: [Place 30-68] Instance read_data1_OBUF[22]_inst (OBUF) is not placed
ERROR: [Place 30-68] Instance read_data1_OBUF[23]_inst (OBUF) is not placed
ERROR: [Place 30-68] Instance read_data1_OBUF[24]_inst (OBUF) is not placed
ERROR: [Place 30-68] Instance read_data1_OBUF[25]_inst (OBUF) is not placed
ERROR: [Place 30-68] Instance read_data1_OBUF[26]_inst (OBUF) is not placed
ERROR: [Place 30-68] Instance read_data1_OBUF[27]_inst (OBUF) is not placed
ERROR: [Place 30-68] Instance read_data1_OBUF[28]_inst (OBUF) is not placed
ERROR: [Place 30-68] Instance read_data1_OBUF[29]_inst (OBUF) is not placed
ERROR: [Place 30-68] Instance read_data1_OBUF[2]_inst (OBUF) is not placed
ERROR: [Place 30-68] Instance read_data1_OBUF[30]_inst (OBUF) is not placed
ERROR: [Place 30-68] Instance read_data1_OBUF[31]_inst (OBUF) is not placed
ERROR: [Place 30-68] Instance read_data1_OBUF[3]_inst (OBUF) is not placed
ERROR: [Place 30-68] Instance read_data1_OBUF[4]_inst (OBUF) is not placed
ERROR: [Place 30-68] Instance read_data1_OBUF[5]_inst (OBUF) is not placed
ERROR: [Place 30-68] Instance read_data1_OBUF[6]_inst (OBUF) is not placed
ERROR: [Place 30-68] Instance read_data1_OBUF[7]_inst (OBUF) is not placed
ERROR: [Place 30-68] Instance read_data1_OBUF[8]_inst (OBUF) is not placed
ERROR: [Place 30-68] Instance read_data1_OBUF[9]_inst (OBUF) is not placed
ERROR: [Place 30-68] Instance read_data2_OBUF[0]_inst (OBUF) is not placed
ERROR: [Place 30-68] Instance read_data2_OBUF[10]_inst (OBUF) is not placed
ERROR: [Place 30-68] Instance read_data2_OBUF[11]_inst (OBUF) is not placed
ERROR: [Place 30-68] Instance read_data2_OBUF[12]_inst (OBUF) is not placed
ERROR: [Place 30-68] Instance read_data2_OBUF[13]_inst (OBUF) is not placed
ERROR: [Place 30-68] Instance read_data2_OBUF[14]_inst (OBUF) is not placed
ERROR: [Place 30-68] Instance read_data2_OBUF[15]_inst (OBUF) is not placed
ERROR: [Place 30-68] Instance read_data2_OBUF[16]_inst (OBUF) is not placed
ERROR: [Place 30-68] Instance read_data2_OBUF[17]_inst (OBUF) is not placed
ERROR: [Place 30-68] Instance read_data2_OBUF[18]_inst (OBUF) is not placed
ERROR: [Place 30-68] Instance read_data2_OBUF[19]_inst (OBUF) is not placed
ERROR: [Place 30-68] Instance read_data2_OBUF[1]_inst (OBUF) is not placed
ERROR: [Place 30-68] Instance read_data2_OBUF[20]_inst (OBUF) is not placed
ERROR: [Place 30-68] Instance read_data2_OBUF[21]_inst (OBUF) is not placed
ERROR: [Place 30-68] Instance read_data2_OBUF[22]_inst (OBUF) is not placed
ERROR: [Place 30-68] Instance read_data2_OBUF[23]_inst (OBUF) is not placed
ERROR: [Place 30-68] Instance read_data2_OBUF[24]_inst (OBUF) is not placed
ERROR: [Place 30-68] Instance read_data2_OBUF[25]_inst (OBUF) is not placed
ERROR: [Place 30-68] Instance read_data2_OBUF[26]_inst (OBUF) is not placed
ERROR: [Place 30-68] Instance read_data2_OBUF[27]_inst (OBUF) is not placed
ERROR: [Place 30-68] Instance read_data2_OBUF[28]_inst (OBUF) is not placed
ERROR: [Place 30-68] Instance read_data2_OBUF[29]_inst (OBUF) is not placed
ERROR: [Place 30-68] Instance read_data2_OBUF[2]_inst (OBUF) is not placed
ERROR: [Place 30-68] Instance read_data2_OBUF[30]_inst (OBUF) is not placed
ERROR: [Place 30-68] Instance read_data2_OBUF[31]_inst (OBUF) is not placed
ERROR: [Place 30-68] Instance read_data2_OBUF[3]_inst (OBUF) is not placed
ERROR: [Place 30-68] Instance read_data2_OBUF[4]_inst (OBUF) is not placed
ERROR: [Place 30-68] Instance read_data2_OBUF[5]_inst (OBUF) is not placed
ERROR: [Place 30-68] Instance read_data2_OBUF[6]_inst (OBUF) is not placed
ERROR: [Place 30-68] Instance read_data2_OBUF[7]_inst (OBUF) is not placed
ERROR: [Place 30-68] Instance read_data2_OBUF[8]_inst (OBUF) is not placed
ERROR: [Place 30-68] Instance read_data2_OBUF[9]_inst (OBUF) is not placed
ERROR: [Place 30-68] Instance result_OBUF[0]_inst (OBUF) is not placed
ERROR: [Place 30-68] Instance result_OBUF[10]_inst (OBUF) is not placed
ERROR: [Place 30-68] Instance result_OBUF[11]_inst (OBUF) is not placed
ERROR: [Place 30-68] Instance result_OBUF[12]_inst (OBUF) is not placed
ERROR: [Place 30-68] Instance result_OBUF[13]_inst (OBUF) is not placed
ERROR: [Place 30-68] Instance result_OBUF[14]_inst (OBUF) is not placed
ERROR: [Place 30-68] Instance result_OBUF[15]_inst (OBUF) is not placed
ERROR: [Place 30-68] Instance result_OBUF[16]_inst (OBUF) is not placed
ERROR: [Place 30-68] Instance result_OBUF[17]_inst (OBUF) is not placed
ERROR: [Place 30-68] Instance result_OBUF[18]_inst (OBUF) is not placed
ERROR: [Place 30-68] Instance result_OBUF[19]_inst (OBUF) is not placed
ERROR: [Place 30-68] Instance result_OBUF[1]_inst (OBUF) is not placed
ERROR: [Place 30-68] Instance result_OBUF[20]_inst (OBUF) is not placed
ERROR: [Place 30-68] Instance result_OBUF[21]_inst (OBUF) is not placed
ERROR: [Place 30-68] Instance result_OBUF[22]_inst (OBUF) is not placed
ERROR: [Place 30-68] Instance result_OBUF[23]_inst (OBUF) is not placed
ERROR: [Place 30-68] Instance result_OBUF[24]_inst (OBUF) is not placed
ERROR: [Place 30-68] Instance result_OBUF[25]_inst (OBUF) is not placed
ERROR: [Place 30-68] Instance result_OBUF[26]_inst (OBUF) is not placed
ERROR: [Place 30-68] Instance result_OBUF[27]_inst (OBUF) is not placed
INFO: [Common 17-14] Message 'Place 30-68' appears 100 times and further instances of the messages will be disabled. Use the Tcl command set_msg_config to change the current settings.
Phase 1.1.2 IO and Clk Clean Up | Checksum: 00000000

Time (s): cpu = 00:00:02 ; elapsed = 00:00:01 . Memory (MB): peak = 957.641 ; gain = 12.582
Phase 1.1 IO Placement/ Clock Placement/ Build Placer Device | Checksum: 1ef30d2f

Time (s): cpu = 00:00:02 ; elapsed = 00:00:01 . Memory (MB): peak = 957.641 ; gain = 12.582
Phase 1 Placer Initialization | Checksum: 1ef30d2f

Time (s): cpu = 00:00:02 ; elapsed = 00:00:01 . Memory (MB): peak = 957.641 ; gain = 12.582
ERROR: [Place 30-99] Placer failed with error: 'IO Clock Placer failed'
Please review all ERROR, CRITICAL WARNING, and WARNING messages during placement to understand the cause for failure.
Ending Placer Task | Checksum: 1ef30d2f

Time (s): cpu = 00:00:02 ; elapsed = 00:00:01 . Memory (MB): peak = 957.641 ; gain = 12.582
INFO: [Common 17-83] Releasing license: Implementation
34 Infos, 0 Warnings, 0 Critical Warnings and 103 Errors encountered.
place_design failed
ERROR: [Common 17-69] Command failed: Placer could not place all instances
INFO: [Common 17-206] Exiting Vivado at Tue May 15 09:29:31 2018...
