
*** Running vivado
    with args -log Basys3.vds -m64 -mode batch -messageDb vivado.pb -notrace -source Basys3.tcl


****** Vivado v2015.3 (64-bit)
  **** SW Build 1368829 on Mon Sep 28 20:06:43 MDT 2015
  **** IP Build 1367837 on Mon Sep 28 08:56:14 MDT 2015
    ** Copyright 1986-2015 Xilinx, Inc. All Rights Reserved.

source Basys3.tcl -notrace
Command: synth_design -top Basys3 -part xc7a35tcpg236-1
Starting synth_design
Attempting to get a license for feature 'Synthesis' and/or device 'xc7a35t'
INFO: [Common 17-349] Got license for feature 'Synthesis' and/or device 'xc7a35t'
WARNING: [Synth 8-2254] instance name 'button' matches net/port name [Y:/ECOP/hw3/basys3/cpu.srcs/sources_1/new/Basys3.v:39]
WARNING: [Synth 8-2254] instance name 'src' matches net/port name [Y:/ECOP/hw3/basys3/cpu.srcs/sources_1/new/Basys3.v:41]
---------------------------------------------------------------------------------
Starting RTL Elaboration : Time (s): cpu = 00:00:05 ; elapsed = 00:00:07 . Memory (MB): peak = 297.035 ; gain = 124.785
---------------------------------------------------------------------------------
INFO: [Synth 8-638] synthesizing module 'Basys3' [Y:/ECOP/hw3/basys3/cpu.srcs/sources_1/new/Basys3.v:23]
INFO: [Synth 8-638] synthesizing module 'Clock_div' [Y:/ECOP/hw3/basys3/cpu.srcs/sources_1/new/Clock_div.v:23]
INFO: [Synth 8-256] done synthesizing module 'Clock_div' (1#1) [Y:/ECOP/hw3/basys3/cpu.srcs/sources_1/new/Clock_div.v:23]
INFO: [Synth 8-638] synthesizing module 'Button' [Y:/ECOP/hw3/basys3/cpu.srcs/sources_1/new/Button.v:23]
INFO: [Synth 8-256] done synthesizing module 'Button' (2#1) [Y:/ECOP/hw3/basys3/cpu.srcs/sources_1/new/Button.v:23]
INFO: [Synth 8-638] synthesizing module 'SingleCycleCPU' [Y:/ECOP/hw3/basys3/cpu.srcs/sources_1/new/SingleCycleCPU.v:23]
INFO: [Synth 8-638] synthesizing module 'ALU' [Y:/ECOP/hw3/basys3/cpu.srcs/sources_1/new/ALU.v:23]
INFO: [Synth 8-226] default block is never used [Y:/ECOP/hw3/basys3/cpu.srcs/sources_1/new/ALU.v:46]
INFO: [Synth 8-256] done synthesizing module 'ALU' (3#1) [Y:/ECOP/hw3/basys3/cpu.srcs/sources_1/new/ALU.v:23]
INFO: [Synth 8-638] synthesizing module 'PC' [Y:/ECOP/hw3/basys3/cpu.srcs/sources_1/new/PC.v:23]
INFO: [Synth 8-256] done synthesizing module 'PC' (4#1) [Y:/ECOP/hw3/basys3/cpu.srcs/sources_1/new/PC.v:23]
INFO: [Synth 8-638] synthesizing module 'nextPc' [Y:/ECOP/hw3/basys3/cpu.srcs/sources_1/new/nextPc.v:23]
INFO: [Synth 8-256] done synthesizing module 'nextPc' (5#1) [Y:/ECOP/hw3/basys3/cpu.srcs/sources_1/new/nextPc.v:23]
INFO: [Synth 8-638] synthesizing module 'ControlUnit' [Y:/ECOP/hw3/basys3/cpu.srcs/sources_1/new/ControlUnit.v:23]
INFO: [Synth 8-256] done synthesizing module 'ControlUnit' (6#1) [Y:/ECOP/hw3/basys3/cpu.srcs/sources_1/new/ControlUnit.v:23]
INFO: [Synth 8-638] synthesizing module 'DataMemory' [Y:/ECOP/hw3/basys3/cpu.srcs/sources_1/new/DataMemory.v:23]
WARNING: [Synth 8-4767] Trying to implement RAM 'Data_reg' in registers. Block RAM or DRAM implementation is not possible; see log for reasons.
Reason is one or more of the following :
	1: RAM has multiple writes via different ports in same process. If RAM inferencing intended, write to one port per process. 
	2: Unable to determine number of words or word size in RAM. 
RAM "Data_reg" dissolved into registers
INFO: [Synth 8-256] done synthesizing module 'DataMemory' (7#1) [Y:/ECOP/hw3/basys3/cpu.srcs/sources_1/new/DataMemory.v:23]
INFO: [Synth 8-638] synthesizing module 'InstructionMemory' [Y:/ECOP/hw3/basys3/cpu.srcs/sources_1/new/InstructionMemory.v:23]
INFO: [Synth 8-256] done synthesizing module 'InstructionMemory' (8#1) [Y:/ECOP/hw3/basys3/cpu.srcs/sources_1/new/InstructionMemory.v:23]
INFO: [Synth 8-638] synthesizing module 'RegisterFile' [Y:/ECOP/hw3/basys3/cpu.srcs/sources_1/new/RegisterFile.v:23]
INFO: [Synth 8-256] done synthesizing module 'RegisterFile' (9#1) [Y:/ECOP/hw3/basys3/cpu.srcs/sources_1/new/RegisterFile.v:23]
INFO: [Synth 8-638] synthesizing module 'SignZeroExtend' [Y:/ECOP/hw3/basys3/cpu.srcs/sources_1/new/SignZeroExtend.v:23]
INFO: [Synth 8-256] done synthesizing module 'SignZeroExtend' (10#1) [Y:/ECOP/hw3/basys3/cpu.srcs/sources_1/new/SignZeroExtend.v:23]
INFO: [Synth 8-256] done synthesizing module 'SingleCycleCPU' (11#1) [Y:/ECOP/hw3/basys3/cpu.srcs/sources_1/new/SingleCycleCPU.v:23]
INFO: [Synth 8-638] synthesizing module 'Src' [Y:/ECOP/hw3/basys3/cpu.srcs/sources_1/new/Src.v:23]
INFO: [Synth 8-226] default block is never used [Y:/ECOP/hw3/basys3/cpu.srcs/sources_1/new/Src.v:39]
INFO: [Synth 8-256] done synthesizing module 'Src' (12#1) [Y:/ECOP/hw3/basys3/cpu.srcs/sources_1/new/Src.v:23]
INFO: [Synth 8-638] synthesizing module 'Display' [Y:/ECOP/hw3/basys3/cpu.srcs/sources_1/new/Display.v:23]
INFO: [Synth 8-226] default block is never used [Y:/ECOP/hw3/basys3/cpu.srcs/sources_1/new/Display.v:47]
INFO: [Synth 8-226] default block is never used [Y:/ECOP/hw3/basys3/cpu.srcs/sources_1/new/Display.v:58]
INFO: [Synth 8-226] default block is never used [Y:/ECOP/hw3/basys3/cpu.srcs/sources_1/new/Display.v:84]
INFO: [Synth 8-256] done synthesizing module 'Display' (13#1) [Y:/ECOP/hw3/basys3/cpu.srcs/sources_1/new/Display.v:23]
INFO: [Synth 8-256] done synthesizing module 'Basys3' (14#1) [Y:/ECOP/hw3/basys3/cpu.srcs/sources_1/new/Basys3.v:23]
---------------------------------------------------------------------------------
Finished RTL Elaboration : Time (s): cpu = 00:00:06 ; elapsed = 00:00:09 . Memory (MB): peak = 325.887 ; gain = 153.637
---------------------------------------------------------------------------------

Report Check Netlist: 
+------+------------------+-------+---------+-------+------------------+
|      |Item              |Errors |Warnings |Status |Description       |
+------+------------------+-------+---------+-------+------------------+
|1     |multi_driven_nets |      0|        0|Passed |Multi driven nets |
+------+------------------+-------+---------+-------+------------------+
---------------------------------------------------------------------------------
Finished RTL Optimization Phase 1 : Time (s): cpu = 00:00:06 ; elapsed = 00:00:09 . Memory (MB): peak = 325.887 ; gain = 153.637
---------------------------------------------------------------------------------
INFO: [Device 21-403] Loading part xc7a35tcpg236-1
INFO: [Project 1-570] Preparing netlist for logic optimization

Processing XDC Constraints
Initializing timing engine
Parsing XDC File [Y:/ECOP/hw3/basys3/cpu.srcs/constrs_2/new/Basys3.xdc]
Finished Parsing XDC File [Y:/ECOP/hw3/basys3/cpu.srcs/constrs_2/new/Basys3.xdc]
INFO: [Project 1-236] Implementation specific constraints were found while reading constraint file [Y:/ECOP/hw3/basys3/cpu.srcs/constrs_2/new/Basys3.xdc]. These constraints will be ignored for synthesis but will be used in implementation. Impacted constraints are listed in the file [.Xil/Basys3_propImpl.xdc].
Resolution: To avoid this warning, move constraints listed in [.Xil/Basys3_propImpl.xdc] to another XDC file and exclude this new file from synthesis with the used_in_synthesis property (File Properties dialog in GUI) and re-run elaboration/synthesis.
Completed Processing XDC Constraints

INFO: [Project 1-111] Unisim Transformation Summary:
No Unisim elements were transformed.

Constraint Validation Runtime : Time (s): cpu = 00:00:00 ; elapsed = 00:00:00 . Memory (MB): peak = 613.406 ; gain = 0.000
---------------------------------------------------------------------------------
Finished Constraint Validation : Time (s): cpu = 00:00:13 ; elapsed = 00:00:17 . Memory (MB): peak = 613.406 ; gain = 441.156
---------------------------------------------------------------------------------
---------------------------------------------------------------------------------
Start Loading Part and Timing Information
---------------------------------------------------------------------------------
Loading part: xc7a35tcpg236-1
---------------------------------------------------------------------------------
Finished Loading Part and Timing Information : Time (s): cpu = 00:00:13 ; elapsed = 00:00:17 . Memory (MB): peak = 613.406 ; gain = 441.156
---------------------------------------------------------------------------------
---------------------------------------------------------------------------------
Start Applying 'set_property' XDC Constraints
---------------------------------------------------------------------------------
---------------------------------------------------------------------------------
Finished applying 'set_property' XDC Constraints : Time (s): cpu = 00:00:13 ; elapsed = 00:00:17 . Memory (MB): peak = 613.406 ; gain = 441.156
---------------------------------------------------------------------------------
INFO: [Synth 8-3537] HDL ADVISOR - The operator resource <adder> is shared. To prevent sharing consider applying a KEEP on the inputs of the operator [Y:/ECOP/hw3/basys3/cpu.srcs/sources_1/new/ALU.v:46]
INFO: [Synth 8-5546] ROM "PCWre" won't be mapped to RAM because it is too sparse
INFO: [Synth 8-5546] ROM "ExtSel" won't be mapped to RAM because it is too sparse
INFO: [Synth 8-5546] ROM "DBDataSrc" won't be mapped to RAM because it is too sparse
INFO: [Synth 8-5546] ROM "nWR" won't be mapped to RAM because it is too sparse
INFO: [Synth 8-5546] ROM "nRD" won't be mapped to RAM because it is too sparse
INFO: [Synth 8-5546] ROM "ALUSrcA" won't be mapped to RAM because it is too sparse
INFO: [Synth 8-5546] ROM "PCSrc0" won't be mapped to RAM because it is too sparse
INFO: [Synth 8-5546] ROM "Instruction" won't be mapped to RAM because it is too sparse
INFO: [Synth 8-5546] ROM "Instruction" won't be mapped to RAM because it is too sparse
INFO: [Synth 8-5546] ROM "Instruction" won't be mapped to RAM because it is too sparse
INFO: [Synth 8-5546] ROM "Instruction" won't be mapped to RAM because it is too sparse
WARNING: [Synth 8-327] inferring latch for variable 'nextPC_reg' [Y:/ECOP/hw3/basys3/cpu.srcs/sources_1/new/nextPc.v:33]
---------------------------------------------------------------------------------
Finished RTL Optimization Phase 2 : Time (s): cpu = 00:00:15 ; elapsed = 00:00:19 . Memory (MB): peak = 613.406 ; gain = 441.156
---------------------------------------------------------------------------------

Report RTL Partitions: 
+-+--------------+------------+----------+
| |RTL Partition |Replication |Instances |
+-+--------------+------------+----------+
+-+--------------+------------+----------+
---------------------------------------------------------------------------------
Start RTL Component Statistics 
---------------------------------------------------------------------------------
Detailed RTL Component Info : 
+---Adders : 
	   3 Input     32 Bit       Adders := 1     
	   2 Input     32 Bit       Adders := 5     
	   2 Input      2 Bit       Adders := 1     
+---XORs : 
	   2 Input     32 Bit         XORs := 1     
+---Registers : 
	               32 Bit    Registers := 1     
	                2 Bit    Registers := 1     
	                1 Bit    Registers := 2     
+---RAMs : 
	             1024 Bit         RAMs := 1     
+---Muxes : 
	   2 Input     32 Bit        Muxes := 4     
	   8 Input     32 Bit        Muxes := 1     
	   4 Input     32 Bit        Muxes := 2     
	  69 Input     32 Bit        Muxes := 4     
	   2 Input     16 Bit        Muxes := 2     
	   4 Input     16 Bit        Muxes := 1     
	   2 Input      8 Bit        Muxes := 192   
	  16 Input      7 Bit        Muxes := 1     
	   2 Input      5 Bit        Muxes := 1     
	   4 Input      4 Bit        Muxes := 1     
	   5 Input      4 Bit        Muxes := 1     
	   2 Input      2 Bit        Muxes := 10    
	   5 Input      1 Bit        Muxes := 64    
---------------------------------------------------------------------------------
Finished RTL Component Statistics 
---------------------------------------------------------------------------------
---------------------------------------------------------------------------------
Start RTL Hierarchical Component Statistics 
---------------------------------------------------------------------------------
Hierarchical RTL Component report 
Module Clock_div 
Detailed RTL Component Info : 
+---Registers : 
	                1 Bit    Registers := 1     
Module Button 
Detailed RTL Component Info : 
+---Registers : 
	                1 Bit    Registers := 1     
Module ALU 
Detailed RTL Component Info : 
+---Adders : 
	   3 Input     32 Bit       Adders := 1     
+---XORs : 
	   2 Input     32 Bit         XORs := 1     
+---Muxes : 
	   2 Input     32 Bit        Muxes := 2     
	   8 Input     32 Bit        Muxes := 1     
Module PC 
Detailed RTL Component Info : 
+---Registers : 
	               32 Bit    Registers := 1     
Module nextPc 
Detailed RTL Component Info : 
+---Adders : 
	   2 Input     32 Bit       Adders := 2     
+---Muxes : 
	   4 Input     32 Bit        Muxes := 2     
Module ControlUnit 
Detailed RTL Component Info : 
+---Muxes : 
	   2 Input      2 Bit        Muxes := 10    
Module DataMemory 
Detailed RTL Component Info : 
+---Muxes : 
	   2 Input     32 Bit        Muxes := 1     
	   2 Input      8 Bit        Muxes := 192   
	   5 Input      1 Bit        Muxes := 64    
Module InstructionMemory 
Detailed RTL Component Info : 
+---Adders : 
	   2 Input     32 Bit       Adders := 3     
+---Muxes : 
	  69 Input     32 Bit        Muxes := 4     
Module RegisterFile 
Detailed RTL Component Info : 
+---RAMs : 
	             1024 Bit         RAMs := 1     
+---Muxes : 
	   2 Input     32 Bit        Muxes := 1     
	   2 Input      5 Bit        Muxes := 1     
Module SignZeroExtend 
Detailed RTL Component Info : 
+---Muxes : 
	   2 Input     16 Bit        Muxes := 2     
Module Src 
Detailed RTL Component Info : 
+---Muxes : 
	   4 Input     16 Bit        Muxes := 1     
Module Display 
Detailed RTL Component Info : 
+---Adders : 
	   2 Input      2 Bit       Adders := 1     
+---Registers : 
	                2 Bit    Registers := 1     
+---Muxes : 
	  16 Input      7 Bit        Muxes := 1     
	   4 Input      4 Bit        Muxes := 1     
	   5 Input      4 Bit        Muxes := 1     
---------------------------------------------------------------------------------
Finished RTL Hierarchical Component Statistics
---------------------------------------------------------------------------------
---------------------------------------------------------------------------------
Start Part Resource Summary
---------------------------------------------------------------------------------
Part Resources:
DSPs: 90 (col length:60)
BRAMs: 100 (col length: RAMB18 60 RAMB36 30)
---------------------------------------------------------------------------------
Finished Part Resource Summary
---------------------------------------------------------------------------------
Start Parallel Synthesis Optimization  : Time (s): cpu = 00:00:16 ; elapsed = 00:00:20 . Memory (MB): peak = 613.406 ; gain = 441.156
---------------------------------------------------------------------------------
Start Cross Boundary Optimization
---------------------------------------------------------------------------------
WARNING: [Synth 8-3917] design Basys3 has port dp driven by constant 1
---------------------------------------------------------------------------------
Finished Cross Boundary Optimization : Time (s): cpu = 00:00:17 ; elapsed = 00:00:21 . Memory (MB): peak = 613.406 ; gain = 441.156
---------------------------------------------------------------------------------
Finished Parallel Reinference  : Time (s): cpu = 00:00:17 ; elapsed = 00:00:21 . Memory (MB): peak = 613.406 ; gain = 441.156

Report RTL Partitions: 
+-+--------------+------------+----------+
| |RTL Partition |Replication |Instances |
+-+--------------+------------+----------+
+-+--------------+------------+----------+
---------------------------------------------------------------------------------
Start ROM, RAM, DSP and Shift Register Reporting
---------------------------------------------------------------------------------

Distributed RAM: 
+------------+------------------------------------------+-----------+----------------------+---------------+-------------------+
|Module Name | RTL Object                               | Inference | Size (Depth x Width) | Primitives    | Hierarchical Name | 
+------------+------------------------------------------+-----------+----------------------+---------------+-------------------+
|Basys3      | singleCycleCPU/registerFile/Register_reg | Implied   | 32 x 32              | RAM32M x 12   | Basys3/ram__1     | 
+------------+------------------------------------------+-----------+----------------------+---------------+-------------------+

Note: The table above shows the Distributed RAMs at the current stage of the synthesis flow. Some Distributed RAMs may be reimplemented as non Distributed RAM primitives later in the synthesis flow. Multiple instantiated RAMs are reported only once. "Hierarchical Name" reflects the Distributed RAM name as it appears in the hierarchical module and only part of it is displayed.
---------------------------------------------------------------------------------
Finished ROM, RAM, DSP and Shift Register Reporting
---------------------------------------------------------------------------------
---------------------------------------------------------------------------------
Start Area Optimization
---------------------------------------------------------------------------------
WARNING: [Synth 8-3332] Sequential element (\singleCycleCPU/nextpc/nextPC_reg[31] ) is unused and will be removed from module Basys3.
WARNING: [Synth 8-3332] Sequential element (\singleCycleCPU/nextpc/nextPC_reg[30] ) is unused and will be removed from module Basys3.
WARNING: [Synth 8-3332] Sequential element (\singleCycleCPU/nextpc/nextPC_reg[29] ) is unused and will be removed from module Basys3.
WARNING: [Synth 8-3332] Sequential element (\singleCycleCPU/nextpc/nextPC_reg[28] ) is unused and will be removed from module Basys3.
WARNING: [Synth 8-3332] Sequential element (\singleCycleCPU/pc/Address_reg[31] ) is unused and will be removed from module Basys3.
WARNING: [Synth 8-3332] Sequential element (\singleCycleCPU/pc/Address_reg[30] ) is unused and will be removed from module Basys3.
WARNING: [Synth 8-3332] Sequential element (\singleCycleCPU/pc/Address_reg[29] ) is unused and will be removed from module Basys3.
WARNING: [Synth 8-3332] Sequential element (\singleCycleCPU/pc/Address_reg[28] ) is unused and will be removed from module Basys3.
WARNING: [Synth 8-3332] Sequential element (\singleCycleCPU/pc/Address_reg[27] ) is unused and will be removed from module Basys3.
WARNING: [Synth 8-3332] Sequential element (\singleCycleCPU/pc/Address_reg[26] ) is unused and will be removed from module Basys3.
WARNING: [Synth 8-3332] Sequential element (\singleCycleCPU/pc/Address_reg[25] ) is unused and will be removed from module Basys3.
WARNING: [Synth 8-3332] Sequential element (\singleCycleCPU/pc/Address_reg[24] ) is unused and will be removed from module Basys3.
WARNING: [Synth 8-3332] Sequential element (\singleCycleCPU/pc/Address_reg[23] ) is unused and will be removed from module Basys3.
WARNING: [Synth 8-3332] Sequential element (\singleCycleCPU/pc/Address_reg[22] ) is unused and will be removed from module Basys3.
WARNING: [Synth 8-3332] Sequential element (\singleCycleCPU/pc/Address_reg[21] ) is unused and will be removed from module Basys3.
WARNING: [Synth 8-3332] Sequential element (\singleCycleCPU/pc/Address_reg[20] ) is unused and will be removed from module Basys3.
WARNING: [Synth 8-3332] Sequential element (\singleCycleCPU/pc/Address_reg[19] ) is unused and will be removed from module Basys3.
WARNING: [Synth 8-3332] Sequential element (\singleCycleCPU/pc/Address_reg[18] ) is unused and will be removed from module Basys3.
WARNING: [Synth 8-3332] Sequential element (\singleCycleCPU/pc/Address_reg[17] ) is unused and will be removed from module Basys3.
WARNING: [Synth 8-3332] Sequential element (\singleCycleCPU/pc/Address_reg[16] ) is unused and will be removed from module Basys3.
WARNING: [Synth 8-3332] Sequential element (\singleCycleCPU/pc/Address_reg[15] ) is unused and will be removed from module Basys3.
WARNING: [Synth 8-3332] Sequential element (\singleCycleCPU/pc/Address_reg[14] ) is unused and will be removed from module Basys3.
WARNING: [Synth 8-3332] Sequential element (\singleCycleCPU/pc/Address_reg[13] ) is unused and will be removed from module Basys3.
WARNING: [Synth 8-3332] Sequential element (\singleCycleCPU/pc/Address_reg[12] ) is unused and will be removed from module Basys3.
WARNING: [Synth 8-3332] Sequential element (\singleCycleCPU/pc/Address_reg[11] ) is unused and will be removed from module Basys3.
WARNING: [Synth 8-3332] Sequential element (\singleCycleCPU/pc/Address_reg[10] ) is unused and will be removed from module Basys3.
WARNING: [Synth 8-3332] Sequential element (\singleCycleCPU/pc/Address_reg[9] ) is unused and will be removed from module Basys3.
WARNING: [Synth 8-3332] Sequential element (\singleCycleCPU/pc/Address_reg[8] ) is unused and will be removed from module Basys3.
WARNING: [Synth 8-3332] Sequential element (\singleCycleCPU/pc/Address_reg[0] ) is unused and will be removed from module Basys3.
---------------------------------------------------------------------------------
Finished Area Optimization : Time (s): cpu = 00:00:19 ; elapsed = 00:00:23 . Memory (MB): peak = 613.406 ; gain = 441.156
---------------------------------------------------------------------------------
Finished Parallel Area Optimization  : Time (s): cpu = 00:00:19 ; elapsed = 00:00:23 . Memory (MB): peak = 613.406 ; gain = 441.156

Report RTL Partitions: 
+-+--------------+------------+----------+
| |RTL Partition |Replication |Instances |
+-+--------------+------------+----------+
+-+--------------+------------+----------+
---------------------------------------------------------------------------------
Start Timing Optimization
---------------------------------------------------------------------------------
---------------------------------------------------------------------------------
Start Applying XDC Timing Constraints
---------------------------------------------------------------------------------
---------------------------------------------------------------------------------
Finished Applying XDC Timing Constraints : Time (s): cpu = 00:00:30 ; elapsed = 00:00:35 . Memory (MB): peak = 613.406 ; gain = 441.156
---------------------------------------------------------------------------------
---------------------------------------------------------------------------------
Finished Timing Optimization : Time (s): cpu = 00:00:30 ; elapsed = 00:00:35 . Memory (MB): peak = 613.406 ; gain = 441.156
---------------------------------------------------------------------------------
Finished Parallel Timing Optimization  : Time (s): cpu = 00:00:30 ; elapsed = 00:00:35 . Memory (MB): peak = 613.406 ; gain = 441.156

Report RTL Partitions: 
+-+--------------+------------+----------+
| |RTL Partition |Replication |Instances |
+-+--------------+------------+----------+
+-+--------------+------------+----------+
Finished Parallel Synthesis Optimization  : Time (s): cpu = 00:00:30 ; elapsed = 00:00:35 . Memory (MB): peak = 613.406 ; gain = 441.156
---------------------------------------------------------------------------------
Start Technology Mapping
---------------------------------------------------------------------------------
---------------------------------------------------------------------------------
Finished Technology Mapping : Time (s): cpu = 00:00:30 ; elapsed = 00:00:35 . Memory (MB): peak = 625.676 ; gain = 453.426
---------------------------------------------------------------------------------

Report RTL Partitions: 
+-+--------------+------------+----------+
| |RTL Partition |Replication |Instances |
+-+--------------+------------+----------+
+-+--------------+------------+----------+
---------------------------------------------------------------------------------
Start IO Insertion
---------------------------------------------------------------------------------
---------------------------------------------------------------------------------
Start Flattening Before IO Insertion
---------------------------------------------------------------------------------
---------------------------------------------------------------------------------
Finished Flattening Before IO Insertion
---------------------------------------------------------------------------------
---------------------------------------------------------------------------------
Start Final Netlist Cleanup
---------------------------------------------------------------------------------
---------------------------------------------------------------------------------
Finished Final Netlist Cleanup
---------------------------------------------------------------------------------
---------------------------------------------------------------------------------
Finished IO Insertion : Time (s): cpu = 00:00:31 ; elapsed = 00:00:36 . Memory (MB): peak = 625.676 ; gain = 453.426
---------------------------------------------------------------------------------

Report Check Netlist: 
+------+------------------+-------+---------+-------+------------------+
|      |Item              |Errors |Warnings |Status |Description       |
+------+------------------+-------+---------+-------+------------------+
|1     |multi_driven_nets |      0|        0|Passed |Multi driven nets |
+------+------------------+-------+---------+-------+------------------+
---------------------------------------------------------------------------------
Start Renaming Generated Instances
---------------------------------------------------------------------------------
---------------------------------------------------------------------------------
Finished Renaming Generated Instances : Time (s): cpu = 00:00:31 ; elapsed = 00:00:36 . Memory (MB): peak = 625.676 ; gain = 453.426
---------------------------------------------------------------------------------

Report RTL Partitions: 
+-+--------------+------------+----------+
| |RTL Partition |Replication |Instances |
+-+--------------+------------+----------+
+-+--------------+------------+----------+
---------------------------------------------------------------------------------
Start Rebuilding User Hierarchy
---------------------------------------------------------------------------------
---------------------------------------------------------------------------------
Finished Rebuilding User Hierarchy : Time (s): cpu = 00:00:31 ; elapsed = 00:00:36 . Memory (MB): peak = 625.676 ; gain = 453.426
---------------------------------------------------------------------------------
---------------------------------------------------------------------------------
Start Renaming Generated Ports
---------------------------------------------------------------------------------
---------------------------------------------------------------------------------
Finished Renaming Generated Ports : Time (s): cpu = 00:00:31 ; elapsed = 00:00:36 . Memory (MB): peak = 625.676 ; gain = 453.426
---------------------------------------------------------------------------------
---------------------------------------------------------------------------------
Start Handling Custom Attributes
---------------------------------------------------------------------------------
---------------------------------------------------------------------------------
Finished Handling Custom Attributes : Time (s): cpu = 00:00:31 ; elapsed = 00:00:36 . Memory (MB): peak = 625.676 ; gain = 453.426
---------------------------------------------------------------------------------
---------------------------------------------------------------------------------
Start Renaming Generated Nets
---------------------------------------------------------------------------------
---------------------------------------------------------------------------------
Finished Renaming Generated Nets : Time (s): cpu = 00:00:31 ; elapsed = 00:00:36 . Memory (MB): peak = 625.676 ; gain = 453.426
---------------------------------------------------------------------------------
---------------------------------------------------------------------------------
Start Writing Synthesis Report
---------------------------------------------------------------------------------

Report BlackBoxes: 
+-+--------------+----------+
| |BlackBox name |Instances |
+-+--------------+----------+
+-+--------------+----------+

Report Cell Usage: 
+------+-------+------+
|      |Cell   |Count |
+------+-------+------+
|1     |BUFG   |     2|
|2     |CARRY4 |    21|
|3     |LUT1   |    32|
|4     |LUT2   |    99|
|5     |LUT3   |   128|
|6     |LUT4   |    64|
|7     |LUT5   |   127|
|8     |LUT6   |   703|
|9     |MUXF7  |    83|
|10    |RAM32M |    12|
|11    |FDCE   |     9|
|12    |FDRE   |   532|
|13    |IBUF   |     5|
|14    |OBUF   |    12|
+------+-------+------+

Report Instance Areas: 
+------+-----------------+---------------+------+
|      |Instance         |Module         |Cells |
+------+-----------------+---------------+------+
|1     |top              |               |  1829|
|2     |  button__0      |Button         |     2|
|3     |  clock_div      |Clock_div      |    46|
|4     |  display        |Display        |     8|
|5     |  singleCycleCPU |SingleCycleCPU |  1753|
|6     |    alu          |ALU            |    40|
|7     |    dataMemory   |DataMemory     |   769|
|8     |    nextpc       |nextPc         |     8|
|9     |    pc           |PC             |   846|
|10    |    registerFile |RegisterFile   |    90|
+------+-----------------+---------------+------+
---------------------------------------------------------------------------------
Finished Writing Synthesis Report : Time (s): cpu = 00:00:31 ; elapsed = 00:00:36 . Memory (MB): peak = 625.676 ; gain = 453.426
---------------------------------------------------------------------------------
Synthesis finished with 0 errors, 0 critical warnings and 31 warnings.
Synthesis Optimization Runtime : Time (s): cpu = 00:00:21 ; elapsed = 00:00:29 . Memory (MB): peak = 625.676 ; gain = 122.445
Synthesis Optimization Complete : Time (s): cpu = 00:00:31 ; elapsed = 00:00:37 . Memory (MB): peak = 625.676 ; gain = 453.426
INFO: [Project 1-571] Translating synthesized netlist
INFO: [Netlist 29-17] Analyzing 38 Unisim elements for replacement
INFO: [Netlist 29-28] Unisim Transformation completed in 0 CPU seconds
INFO: [Project 1-570] Preparing netlist for logic optimization
INFO: [Opt 31-138] Pushed 2 inverter(s) to 524 load pin(s).
INFO: [Project 1-111] Unisim Transformation Summary:
  A total of 12 instances were transformed.
  RAM32M => RAM32M (inverted pins: WCLK) (RAMD32, RAMD32, RAMD32, RAMD32, RAMD32, RAMD32, RAMS32, RAMS32): 12 instances

INFO: [Common 17-83] Releasing license: Synthesis
57 Infos, 34 Warnings, 0 Critical Warnings and 0 Errors encountered.
synth_design completed successfully
synth_design: Time (s): cpu = 00:00:31 ; elapsed = 00:00:35 . Memory (MB): peak = 625.676 ; gain = 420.383
report_utilization: Time (s): cpu = 00:00:00 ; elapsed = 00:00:00.016 . Memory (MB): peak = 625.676 ; gain = 0.000
INFO: [Common 17-206] Exiting Vivado at Thu May 24 02:00:10 2018...
