#-----------------------------------------------------------
# Vivado v2015.3 (64-bit)
# SW Build 1368829 on Mon Sep 28 20:06:43 MDT 2015
# IP Build 1367837 on Mon Sep 28 08:56:14 MDT 2015
# Start of session at: Tue May 15 09:28:33 2018
# Process ID: 13884
# Current directory: Y:/ECOP/222/project_1
# Command line: vivado.exe -gui_launcher_event rodinguilauncherevent11208 Y:\ECOP\222\project_1\project_1.xpr
# Log file: Y:/ECOP/222/project_1/vivado.log
# Journal file: Y:/ECOP/222/project_1\vivado.jou
#-----------------------------------------------------------
start_gui
open_project Y:/ECOP/222/project_1/project_1.xpr
Scanning sources...
Finished scanning sources
INFO: [IP_Flow 19-234] Refreshing IP repositories
INFO: [IP_Flow 19-1704] No user IP repositories specified
INFO: [IP_Flow 19-2313] Loaded Vivado IP repository 'C:/Xilinx/Vivado/2015.3/data/ip'.
open_project: Time (s): cpu = 00:00:12 ; elapsed = 00:00:07 . Memory (MB): peak = 762.809 ; gain = 195.227
reset_run impl_1
launch_runs impl_1
[Tue May 15 09:28:59 2018] Launched impl_1...
Run output will be captured here: Y:/ECOP/222/project_1/project_1.runs/impl_1/runme.log
exit
INFO: [Common 17-206] Exiting Vivado at Tue May 15 10:01:35 2018...
