INFO: [VRFC 10-2263] Analyzing Verilog file "Y:/ECOP/123/project_2/project_2.srcs/sources_1/new/signZeroExtend.v" into library xil_defaultlib
INFO: [VRFC 10-311] analyzing module signZeroExtend
INFO: [VRFC 10-2263] Analyzing Verilog file "Y:/ECOP/123/project_2/project_2.srcs/sources_1/new/registerFile.v" into library xil_defaultlib
INFO: [VRFC 10-311] analyzing module registerFile
INFO: [VRFC 10-2263] Analyzing Verilog file "Y:/ECOP/123/project_2/project_2.srcs/sources_1/new/PC.v" into library xil_defaultlib
INFO: [VRFC 10-311] analyzing module PC
INFO: [VRFC 10-2263] Analyzing Verilog file "Y:/ECOP/123/project_2/project_2.srcs/sources_1/new/instructionMemory.v" into library xil_defaultlib
INFO: [VRFC 10-311] analyzing module instructionMemory
INFO: [VRFC 10-2263] Analyzing Verilog file "Y:/ECOP/123/project_2/project_2.srcs/sources_1/new/dataMemory.v" into library xil_defaultlib
INFO: [VRFC 10-311] analyzing module dataMemory
INFO: [VRFC 10-2263] Analyzing Verilog file "Y:/ECOP/123/project_2/project_2.srcs/sources_1/new/controlUnit.v" into library xil_defaultlib
INFO: [VRFC 10-311] analyzing module controlUnit
INFO: [VRFC 10-2263] Analyzing Verilog file "Y:/ECOP/123/project_2/project_2.srcs/sources_1/new/ALU.v" into library xil_defaultlib
INFO: [VRFC 10-311] analyzing module ALU
INFO: [VRFC 10-2263] Analyzing Verilog file "Y:/ECOP/123/project_2/project_2.srcs/sources_1/new/SingleCycleCPU.v" into library xil_defaultlib
INFO: [VRFC 10-311] analyzing module SingleCycleCPU
INFO: [VRFC 10-2263] Analyzing Verilog file "Y:/ECOP/123/project_2/project_2.srcs/sim_1/new/cpu_sim.v" into library xil_defaultlib
INFO: [VRFC 10-311] analyzing module cpu_sim
INFO: [VRFC 10-2263] Analyzing Verilog file "Y:/ECOP/123/project_2/project_2.sim/sim_1/behav/glbl.v" into library xil_defaultlib
INFO: [VRFC 10-311] analyzing module glbl
